# JRE version: OpenJDK Runtime Environment Temurin-21.0.10+7 (21.0.10+7) (build 21.0.10+7-LTS)
# Java VM: OpenJDK 64-Bit Server VM Temurin-21.0.10+7 (21.0.10+7-LTS, mixed mode, sharing, tiered, compressed oops, compressed class ptrs, g1 gc, windows-amd64)
GC Precious Log:
 CardTable entry size: 512
 Card Set container configuration: InlinePtr #cards 5 size 8 Array Of Cards #cards 12 size 40 Howl #buckets 4 coarsen threshold 1843 Howl Bitmap #cards 512 size 80 coarsen threshold 460 Card regions per heap region 1 cards per card region 2048
 CPUs: 12 total, 12 available
 Memory: 7501M
 Large Page Support: Disabled
 NUMA Support: Disabled
 Compressed Oops: Enabled (32-bit)
 Heap Region Size: 1M
 Heap Min Capacity: 8M
 Heap Initial Capacity: 118M
 Heap Max Capacity: 2G
 Pre-touch: Disabled
 Parallel Workers: 10
 Concurrent Workers: 3
 Concurrent Refinement Workers: 10
 Periodic GC: Disabled
Heap:
 garbage-first heap   total 381952K, used 370239K [0x0000000080000000, 0x0000000100000000)
  region size 1024K, 206 young (210944K), 8 survivors (8192K)
 Metaspace       used 67858K, committed 69504K, reserved 491520K
  class space    used 9241K, committed 10048K, reserved 425984K
GC Heap History (20 events):
Event: 89.651 GC heap after
{Heap after GC invocations=81 (full 0):
 garbage-first heap   total 381952K, used 171188K [0x0000000080000000, 0x0000000100000000)
  region size 1024K, 14 young (14336K), 14 survivors (14336K)
 Metaspace       used 67728K, committed 69440K, reserved 491520K
  class space    used 9239K, committed 10048K, reserved 425984K
}
Event: 90.397 GC heap before
{Heap before GC invocations=81 (full 0):
 garbage-first heap   total 381952K, used 359604K [0x0000000080000000, 0x0000000100000000)
  region size 1024K, 199 young (203776K), 14 survivors (14336K)
 Metaspace       used 67740K, committed 69440K, reserved 491520K
  class space    used 9239K, committed 10048K, reserved 425984K
}
Event: 90.415 GC heap after
{Heap after GC invocations=82 (full 0):
 garbage-first heap   total 381952K, used 167013K [0x0000000080000000, 0x0000000100000000)
  region size 1024K, 16 young (16384K), 16 survivors (16384K)
 Metaspace       used 67740K, committed 69440K, reserved 491520K
  class space    used 9239K, committed 10048K, reserved 425984K
}
Event: 91.070 GC heap before
{Heap before GC invocations=82 (full 0):
 garbage-first heap   total 381952K, used 360549K [0x0000000080000000, 0x0000000100000000)
  region size 1024K, 205 young (209920K), 16 survivors (16384K)
 Metaspace       used 67813K, committed 69504K, reserved 491520K
  class space    used 9239K, committed 10048K, reserved 425984K
}
Event: 91.089 GC heap after
{Heap after GC invocations=83 (full 0):
 garbage-first heap   total 381952K, used 167874K [0x0000000080000000, 0x0000000100000000)
  region size 1024K, 13 young (13312K), 13 survivors (13312K)
 Metaspace       used 67813K, committed 69504K, reserved 491520K
  class space    used 9239K, committed 10048K, reserved 425984K
}
Event: 91.812 GC heap before
{Heap before GC invocations=84 (full 0):
 garbage-first heap   total 381952K, used 359362K [0x0000000080000000, 0x0000000100000000)
  region size 1024K, 201 young (205824K), 13 survivors (13312K)
 Metaspace       used 67817K, committed 69504K, reserved 491520K
  class space    used 9239K, committed 10048K, reserved 425984K
}
Event: 91.832 GC heap after
{Heap after GC invocations=85 (full 0):
 garbage-first heap   total 381952K, used 169326K [0x0000000080000000, 0x0000000100000000)
  region size 1024K, 14 young (14336K), 14 survivors (14336K)
 Metaspace       used 67817K, committed 69504K, reserved 491520K
  class space    used 9239K, committed 10048K, reserved 425984K
}
Event: 92.722 GC heap before
{Heap before GC invocations=85 (full 0):
 garbage-first heap   total 381952K, used 360814K [0x0000000080000000, 0x0000000100000000)
  region size 1024K, 201 young (205824K), 14 survivors (14336K)
 Metaspace       used 67818K, committed 69504K, reserved 491520K
  class space    used 9239K, committed 10048K, reserved 425984K
}
Event: 92.740 GC heap after
{Heap after GC invocations=86 (full 0):
 garbage-first heap   total 381952K, used 164450K [0x0000000080000000, 0x0000000100000000)
  region size 1024K, 13 young (13312K), 13 survivors (13312K)
 Metaspace       used 67818K, committed 69504K, reserved 491520K
  class space    used 9239K, committed 10048K, reserved 425984K
}
Event: 93.806 GC heap before
{Heap before GC invocations=86 (full 0):
 garbage-first heap   total 381952K, used 360034K [0x0000000080000000, 0x0000000100000000)
  region size 1024K, 205 young (209920K), 13 survivors (13312K)
 Metaspace       used 67824K, committed 69504K, reserved 491520K
  class space    used 9240K, committed 10048K, reserved 425984K
}
Event: 93.816 GC heap after
{Heap after GC invocations=87 (full 0):
 garbage-first heap   total 381952K, used 154451K [0x0000000080000000, 0x0000000100000000)
  region size 1024K, 7 young (7168K), 7 survivors (7168K)
 Metaspace       used 67824K, committed 69504K, reserved 491520K
  class space    used 9240K, committed 10048K, reserved 425984K
}
Event: 95.122 GC heap before
{Heap before GC invocations=88 (full 0):
 garbage-first heap   total 381952K, used 361299K [0x0000000080000000, 0x0000000100000000)
  region size 1024K, 208 young (212992K), 7 survivors (7168K)
 Metaspace       used 67828K, committed 69504K, reserved 491520K
  class space    used 9240K, committed 10048K, reserved 425984K
}
Event: 95.135 GC heap after
{Heap after GC invocations=89 (full 0):
 garbage-first heap   total 381952K, used 155769K [0x0000000080000000, 0x0000000100000000)
  region size 1024K, 8 young (8192K), 8 survivors (8192K)
 Metaspace       used 67828K, committed 69504K, reserved 491520K
  class space    used 9240K, committed 10048K, reserved 425984K
}
Event: 96.843 GC heap before
{Heap before GC invocations=89 (full 0):
 garbage-first heap   total 381952K, used 359545K [0x0000000080000000, 0x0000000100000000)
  region size 1024K, 208 young (212992K), 8 survivors (8192K)
 Metaspace       used 67847K, committed 69504K, reserved 491520K
  class space    used 9241K, committed 10048K, reserved 425984K
}
Event: 96.863 GC heap after
{Heap after GC invocations=90 (full 0):
 garbage-first heap   total 381952K, used 154774K [0x0000000080000000, 0x0000000100000000)
  region size 1024K, 10 young (10240K), 10 survivors (10240K)
 Metaspace       used 67847K, committed 69504K, reserved 491520K
  class space    used 9241K, committed 10048K, reserved 425984K
}
Event: 98.340 GC heap before
{Heap before GC invocations=90 (full 0):
 garbage-first heap   total 381952K, used 359574K [0x0000000080000000, 0x0000000100000000)
  region size 1024K, 211 young (216064K), 10 survivors (10240K)
 Metaspace       used 67853K, committed 69504K, reserved 491520K
  class space    used 9241K, committed 10048K, reserved 425984K
}
Event: 98.358 GC heap after
{Heap after GC invocations=91 (full 0):
 garbage-first heap   total 381952K, used 156721K [0x0000000080000000, 0x0000000100000000)
  region size 1024K, 12 young (12288K), 12 survivors (12288K)
 Metaspace       used 67853K, committed 69504K, reserved 491520K
  class space    used 9241K, committed 10048K, reserved 425984K
}
Event: 99.301 GC heap before
{Heap before GC invocations=92 (full 0):
 garbage-first heap   total 381952K, used 359473K [0x0000000080000000, 0x0000000100000000)
  region size 1024K, 211 young (216064K), 12 survivors (12288K)
 Metaspace       used 67853K, committed 69504K, reserved 491520K
  class space    used 9241K, committed 10048K, reserved 425984K
}
Event: 99.320 GC heap after
{Heap after GC invocations=93 (full 0):
 garbage-first heap   total 381952K, used 158271K [0x0000000080000000, 0x0000000100000000)
  region size 1024K, 13 young (13312K), 13 survivors (13312K)
 Metaspace       used 67853K, committed 69504K, reserved 491520K
  class space    used 9241K, committed 10048K, reserved 425984K
}
Event: 100.443 GC heap before
{Heap before GC invocations=93 (full 0):
 garbage-first heap   total 381952K, used 370239K [0x0000000080000000, 0x0000000100000000)
  region size 1024K, 211 young (216064K), 13 survivors (13312K)
 Metaspace       used 67858K, committed 69504K, reserved 491520K
  class space    used 9241K, committed 10048K, reserved 425984K
}

