# JRE version: OpenJDK Runtime Environment Temurin-21.0.10+7 (21.0.10+7) (build 21.0.10+7-LTS)
# Java VM: OpenJDK 64-Bit Server VM Temurin-21.0.10+7 (21.0.10+7-LTS, mixed mode, sharing, tiered, compressed oops, compressed class ptrs, parallel gc, windows-amd64)
GC Precious Log:
 CardTable entry size: 512
 CPUs: 12 total, 12 available
 Memory: 7501M
 Large Page Support: Disabled
 NUMA Support: Disabled
 Compressed Oops: Enabled (32-bit)
 Alignments: Space 512K, Generation 512K, Heap 2M
 Heap Min Capacity: 100M
 Heap Initial Capacity: 100M
 Heap Max Capacity: 2G
 Pre-touch: Disabled
 Parallel Workers: 10
Heap:
 PSYoungGen      total 2560K, used 1021K [0x00000000d5580000, 0x00000000d5900000, 0x0000000100000000)
  eden space 1536K, 0% used [0x00000000d5580000,0x00000000d5580000,0x00000000d5700000)
  from space 1024K, 99% used [0x00000000d5800000,0x00000000d58ff518,0x00000000d5900000)
  to   space 1024K, 0% used [0x00000000d5700000,0x00000000d5700000,0x00000000d5800000)
 ParOldGen       total 559104K, used 558648K [0x0000000080000000, 0x00000000a2200000, 0x00000000d5580000)
  object space 559104K, 99% used [0x0000000080000000,0x00000000a218e3e0,0x00000000a2200000)
 Metaspace       used 101324K, committed 103168K, reserved 1179648K
  class space    used 11625K, committed 12416K, reserved 1048576K
GC Heap History (20 events):
Event: 4231.257 GC heap after
{Heap after GC invocations=3054 (full 6):
 PSYoungGen      total 3072K, used 704K [0x00000000d5580000, 0x00000000d5980000, 0x0000000100000000)
  eden space 2048K, 0% used [0x00000000d5580000,0x00000000d5580000,0x00000000d5780000)
  from space 1024K, 68% used [0x00000000d5880000,0x00000000d5930000,0x00000000d5980000)
  to   space 1024K, 0% used [0x00000000d5780000,0x00000000d5780000,0x00000000d5880000)
 ParOldGen       total 551424K, used 551380K [0x0000000080000000, 0x00000000a1a80000, 0x00000000d5580000)
  object space 551424K, 99% used [0x0000000080000000,0x00000000a1a75388,0x00000000a1a80000)
 Metaspace       used 101323K, committed 103168K, reserved 1179648K
  class space    used 11625K, committed 12416K, reserved 1048576K
}
Event: 4231.265 GC heap before
{Heap before GC invocations=3055 (full 6):
 PSYoungGen      total 3072K, used 2752K [0x00000000d5580000, 0x00000000d5980000, 0x0000000100000000)
  eden space 2048K, 100% used [0x00000000d5580000,0x00000000d5780000,0x00000000d5780000)
  from space 1024K, 68% used [0x00000000d5880000,0x00000000d5930000,0x00000000d5980000)
  to   space 1024K, 0% used [0x00000000d5780000,0x00000000d5780000,0x00000000d5880000)
 ParOldGen       total 551424K, used 551380K [0x0000000080000000, 0x00000000a1a80000, 0x00000000d5580000)
  object space 551424K, 99% used [0x0000000080000000,0x00000000a1a75388,0x00000000a1a80000)
 Metaspace       used 101323K, committed 103168K, reserved 1179648K
  class space    used 11625K, committed 12416K, reserved 1048576K
}
Event: 4231.269 GC heap after
{Heap after GC invocations=3055 (full 6):
 PSYoungGen      total 3072K, used 768K [0x00000000d5580000, 0x00000000d5980000, 0x0000000100000000)
  eden space 2048K, 0% used [0x00000000d5580000,0x00000000d5580000,0x00000000d5780000)
  from space 1024K, 75% used [0x00000000d5780000,0x00000000d5840020,0x00000000d5880000)
  to   space 1024K, 0% used [0x00000000d5880000,0x00000000d5880000,0x00000000d5980000)
 ParOldGen       total 552448K, used 551981K [0x0000000080000000, 0x00000000a1b80000, 0x00000000d5580000)
  object space 552448K, 99% used [0x0000000080000000,0x00000000a1b0b488,0x00000000a1b80000)
 Metaspace       used 101323K, committed 103168K, reserved 1179648K
  class space    used 11625K, committed 12416K, reserved 1048576K
}
Event: 4231.326 GC heap before
{Heap before GC invocations=3056 (full 6):
 PSYoungGen      total 3072K, used 2816K [0x00000000d5580000, 0x00000000d5980000, 0x0000000100000000)
  eden space 2048K, 100% used [0x00000000d5580000,0x00000000d5780000,0x00000000d5780000)
  from space 1024K, 75% used [0x00000000d5780000,0x00000000d5840020,0x00000000d5880000)
  to   space 1024K, 0% used [0x00000000d5880000,0x00000000d5880000,0x00000000d5980000)
 ParOldGen       total 552448K, used 551981K [0x0000000080000000, 0x00000000a1b80000, 0x00000000d5580000)
  object space 552448K, 99% used [0x0000000080000000,0x00000000a1b0b488,0x00000000a1b80000)
 Metaspace       used 101323K, committed 103168K, reserved 1179648K
  class space    used 11625K, committed 12416K, reserved 1048576K
}
Event: 4231.329 GC heap after
{Heap after GC invocations=3056 (full 6):
 PSYoungGen      total 3072K, used 562K [0x00000000d5580000, 0x00000000d5980000, 0x0000000100000000)
  eden space 2048K, 0% used [0x00000000d5580000,0x00000000d5580000,0x00000000d5780000)
  from space 1024K, 54% used [0x00000000d5880000,0x00000000d590c9e0,0x00000000d5980000)
  to   space 1024K, 0% used [0x00000000d5780000,0x00000000d5780000,0x00000000d5880000)
 ParOldGen       total 552960K, used 552571K [0x0000000080000000, 0x00000000a1c00000, 0x00000000d5580000)
  object space 552960K, 99% used [0x0000000080000000,0x00000000a1b9ede0,0x00000000a1c00000)
 Metaspace       used 101323K, committed 103168K, reserved 1179648K
  class space    used 11625K, committed 12416K, reserved 1048576K
}
Event: 4231.478 GC heap before
{Heap before GC invocations=3057 (full 6):
 PSYoungGen      total 3072K, used 2610K [0x00000000d5580000, 0x00000000d5980000, 0x0000000100000000)
  eden space 2048K, 99% used [0x00000000d5580000,0x00000000d577fff0,0x00000000d5780000)
  from space 1024K, 54% used [0x00000000d5880000,0x00000000d590c9e0,0x00000000d5980000)
  to   space 1024K, 0% used [0x00000000d5780000,0x00000000d5780000,0x00000000d5880000)
 ParOldGen       total 552960K, used 552571K [0x0000000080000000, 0x00000000a1c00000, 0x00000000d5580000)
  object space 552960K, 99% used [0x0000000080000000,0x00000000a1b9ede0,0x00000000a1c00000)
 Metaspace       used 101323K, committed 103168K, reserved 1179648K
  class space    used 11625K, committed 12416K, reserved 1048576K
}
Event: 4231.482 GC heap after
{Heap after GC invocations=3057 (full 6):
 PSYoungGen      total 3072K, used 856K [0x00000000d5580000, 0x00000000d5980000, 0x0000000100000000)
  eden space 2048K, 0% used [0x00000000d5580000,0x00000000d5580000,0x00000000d5780000)
  from space 1024K, 83% used [0x00000000d5780000,0x00000000d58563c0,0x00000000d5880000)
  to   space 1024K, 0% used [0x00000000d5880000,0x00000000d5880000,0x00000000d5980000)
 ParOldGen       total 553472K, used 553021K [0x0000000080000000, 0x00000000a1c80000, 0x00000000d5580000)
  object space 553472K, 99% used [0x0000000080000000,0x00000000a1c0f7a0,0x00000000a1c80000)
 Metaspace       used 101323K, committed 103168K, reserved 1179648K
  class space    used 11625K, committed 12416K, reserved 1048576K
}
Event: 4231.525 GC heap before
{Heap before GC invocations=3058 (full 6):
 PSYoungGen      total 3072K, used 2904K [0x00000000d5580000, 0x00000000d5980000, 0x0000000100000000)
  eden space 2048K, 100% used [0x00000000d5580000,0x00000000d5780000,0x00000000d5780000)
  from space 1024K, 83% used [0x00000000d5780000,0x00000000d58563c0,0x00000000d5880000)
  to   space 1024K, 0% used [0x00000000d5880000,0x00000000d5880000,0x00000000d5980000)
 ParOldGen       total 553472K, used 553021K [0x0000000080000000, 0x00000000a1c80000, 0x00000000d5580000)
  object space 553472K, 99% used [0x0000000080000000,0x00000000a1c0f7a0,0x00000000a1c80000)
 Metaspace       used 101323K, committed 103168K, reserved 1179648K
  class space    used 11625K, committed 12416K, reserved 1048576K
}
Event: 4231.530 GC heap after
{Heap after GC invocations=3058 (full 6):
 PSYoungGen      total 3072K, used 704K [0x00000000d5580000, 0x00000000d5980000, 0x0000000100000000)
  eden space 2048K, 0% used [0x00000000d5580000,0x00000000d5580000,0x00000000d5780000)
  from space 1024K, 68% used [0x00000000d5880000,0x00000000d5930020,0x00000000d5980000)
  to   space 1024K, 0% used [0x00000000d5780000,0x00000000d5780000,0x00000000d5880000)
 ParOldGen       total 553984K, used 553660K [0x0000000080000000, 0x00000000a1d00000, 0x00000000d5580000)
  object space 553984K, 99% used [0x0000000080000000,0x00000000a1caf100,0x00000000a1d00000)
 Metaspace       used 101323K, committed 103168K, reserved 1179648K
  class space    used 11625K, committed 12416K, reserved 1048576K
}
Event: 4231.594 GC heap before
{Heap before GC invocations=3059 (full 6):
 PSYoungGen      total 3072K, used 2752K [0x00000000d5580000, 0x00000000d5980000, 0x0000000100000000)
  eden space 2048K, 100% used [0x00000000d5580000,0x00000000d5780000,0x00000000d5780000)
  from space 1024K, 68% used [0x00000000d5880000,0x00000000d5930020,0x00000000d5980000)
  to   space 1024K, 0% used [0x00000000d5780000,0x00000000d5780000,0x00000000d5880000)
 ParOldGen       total 553984K, used 553660K [0x0000000080000000, 0x00000000a1d00000, 0x00000000d5580000)
  object space 553984K, 99% used [0x0000000080000000,0x00000000a1caf100,0x00000000a1d00000)
 Metaspace       used 101323K, committed 103168K, reserved 1179648K
  class space    used 11625K, committed 12416K, reserved 1048576K
}
Event: 4231.598 GC heap after
{Heap after GC invocations=3059 (full 6):
 PSYoungGen      total 3072K, used 608K [0x00000000d5580000, 0x00000000d5980000, 0x0000000100000000)
  eden space 2048K, 0% used [0x00000000d5580000,0x00000000d5580000,0x00000000d5780000)
  from space 1024K, 59% used [0x00000000d5780000,0x00000000d5818000,0x00000000d5880000)
  to   space 1024K, 0% used [0x00000000d5880000,0x00000000d5880000,0x00000000d5980000)
 ParOldGen       total 554496K, used 554268K [0x0000000080000000, 0x00000000a1d80000, 0x00000000d5580000)
  object space 554496K, 99% used [0x0000000080000000,0x00000000a1d47120,0x00000000a1d80000)
 Metaspace       used 101323K, committed 103168K, reserved 1179648K
  class space    used 11625K, committed 12416K, reserved 1048576K
}
Event: 4231.659 GC heap before
{Heap before GC invocations=3060 (full 6):
 PSYoungGen      total 3072K, used 2655K [0x00000000d5580000, 0x00000000d5980000, 0x0000000100000000)
  eden space 2048K, 99% used [0x00000000d5580000,0x00000000d577ffc8,0x00000000d5780000)
  from space 1024K, 59% used [0x00000000d5780000,0x00000000d5818000,0x00000000d5880000)
  to   space 1024K, 0% used [0x00000000d5880000,0x00000000d5880000,0x00000000d5980000)
 ParOldGen       total 554496K, used 554268K [0x0000000080000000, 0x00000000a1d80000, 0x00000000d5580000)
  object space 554496K, 99% used [0x0000000080000000,0x00000000a1d47120,0x00000000a1d80000)
 Metaspace       used 101323K, committed 103168K, reserved 1179648K
  class space    used 11625K, committed 12416K, reserved 1048576K
}
Event: 4231.662 GC heap after
{Heap after GC invocations=3060 (full 6):
 PSYoungGen      total 3072K, used 713K [0x00000000d5580000, 0x00000000d5980000, 0x0000000100000000)
  eden space 2048K, 0% used [0x00000000d5580000,0x00000000d5580000,0x00000000d5780000)
  from space 1024K, 69% used [0x00000000d5880000,0x00000000d59326b8,0x00000000d5980000)
  to   space 1024K, 0% used [0x00000000d5780000,0x00000000d5780000,0x00000000d5880000)
 ParOldGen       total 555008K, used 554676K [0x0000000080000000, 0x00000000a1e00000, 0x00000000d5580000)
  object space 555008K, 99% used [0x0000000080000000,0x00000000a1dad120,0x00000000a1e00000)
 Metaspace       used 101323K, committed 103168K, reserved 1179648K
  class space    used 11625K, committed 12416K, reserved 1048576K
}
Event: 4231.702 GC heap before
{Heap before GC invocations=3061 (full 6):
 PSYoungGen      total 3072K, used 2761K [0x00000000d5580000, 0x00000000d5980000, 0x0000000100000000)
  eden space 2048K, 100% used [0x00000000d5580000,0x00000000d5780000,0x00000000d5780000)
  from space 1024K, 69% used [0x00000000d5880000,0x00000000d59326b8,0x00000000d5980000)
  to   space 1024K, 0% used [0x00000000d5780000,0x00000000d5780000,0x00000000d5880000)
 ParOldGen       total 555008K, used 554676K [0x0000000080000000, 0x00000000a1e00000, 0x00000000d5580000)
  object space 555008K, 99% used [0x0000000080000000,0x00000000a1dad120,0x00000000a1e00000)
 Metaspace       used 101323K, committed 103168K, reserved 1179648K
  class space    used 11625K, committed 12416K, reserved 1048576K
}
Event: 4231.706 GC heap after
{Heap after GC invocations=3061 (full 6):
 PSYoungGen      total 3072K, used 928K [0x00000000d5580000, 0x00000000d5980000, 0x0000000100000000)
  eden space 2048K, 0% used [0x00000000d5580000,0x00000000d5580000,0x00000000d5780000)
  from space 1024K, 90% used [0x00000000d5780000,0x00000000d5868000,0x00000000d5880000)
  to   space 1024K, 0% used [0x00000000d5880000,0x00000000d5880000,0x00000000d5980000)
 ParOldGen       total 555520K, used 555241K [0x0000000080000000, 0x00000000a1e80000, 0x00000000d5580000)
  object space 555520K, 99% used [0x0000000080000000,0x00000000a1e3a690,0x00000000a1e80000)
 Metaspace       used 101323K, committed 103168K, reserved 1179648K
  class space    used 11625K, committed 12416K, reserved 1048576K
}
Event: 4231.735 GC heap before
{Heap before GC invocations=3062 (full 6):
 PSYoungGen      total 3072K, used 2976K [0x00000000d5580000, 0x00000000d5980000, 0x0000000100000000)
  eden space 2048K, 100% used [0x00000000d5580000,0x00000000d5780000,0x00000000d5780000)
  from space 1024K, 90% used [0x00000000d5780000,0x00000000d5868000,0x00000000d5880000)
  to   space 1024K, 0% used [0x00000000d5880000,0x00000000d5880000,0x00000000d5980000)
 ParOldGen       total 555520K, used 555241K [0x0000000080000000, 0x00000000a1e80000, 0x00000000d5580000)
  object space 555520K, 99% used [0x0000000080000000,0x00000000a1e3a690,0x00000000a1e80000)
 Metaspace       used 101323K, committed 103168K, reserved 1179648K
  class space    used 11625K, committed 12416K, reserved 1048576K
}
Event: 4231.738 GC heap after
{Heap after GC invocations=3062 (full 6):
 PSYoungGen      total 3072K, used 760K [0x00000000d5580000, 0x00000000d5980000, 0x0000000100000000)
  eden space 2048K, 0% used [0x00000000d5580000,0x00000000d5580000,0x00000000d5780000)
  from space 1024K, 74% used [0x00000000d5880000,0x00000000d593e3c0,0x00000000d5980000)
  to   space 1024K, 0% used [0x00000000d5780000,0x00000000d5780000,0x00000000d5880000)
 ParOldGen       total 556032K, used 555994K [0x0000000080000000, 0x00000000a1f00000, 0x00000000d5580000)
  object space 556032K, 99% used [0x0000000080000000,0x00000000a1ef6900,0x00000000a1f00000)
 Metaspace       used 101323K, committed 103168K, reserved 1179648K
  class space    used 11625K, committed 12416K, reserved 1048576K
}
Event: 4231.761 GC heap before
{Heap before GC invocations=3063 (full 6):
 PSYoungGen      total 3072K, used 2808K [0x00000000d5580000, 0x00000000d5980000, 0x0000000100000000)
  eden space 2048K, 100% used [0x00000000d5580000,0x00000000d5780000,0x00000000d5780000)
  from space 1024K, 74% used [0x00000000d5880000,0x00000000d593e3c0,0x00000000d5980000)
  to   space 1024K, 0% used [0x00000000d5780000,0x00000000d5780000,0x00000000d5880000)
 ParOldGen       total 556032K, used 555994K [0x0000000080000000, 0x00000000a1f00000, 0x00000000d5580000)
  object space 556032K, 99% used [0x0000000080000000,0x00000000a1ef6900,0x00000000a1f00000)
 Metaspace       used 101323K, committed 103168K, reserved 1179648K
  class space    used 11625K, committed 12416K, reserved 1048576K
}
Event: 4233.780 GC heap after
{Heap after GC invocations=3063 (full 6):
 PSYoungGen      total 3072K, used 999K [0x00000000d5580000, 0x00000000d5980000, 0x0000000100000000)
  eden space 2048K, 0% used [0x00000000d5580000,0x00000000d5580000,0x00000000d5780000)
  from space 1024K, 97% used [0x00000000d5780000,0x00000000d5879f00,0x00000000d5880000)
  to   space 1024K, 0% used [0x00000000d5880000,0x00000000d5880000,0x00000000d5980000)
 ParOldGen       total 557056K, used 556583K [0x0000000080000000, 0x00000000a2000000, 0x00000000d5580000)
  object space 557056K, 99% used [0x0000000080000000,0x00000000a1f89c48,0x00000000a2000000)
 Metaspace       used 101323K, committed 103168K, reserved 1179648K
  class space    used 11625K, committed 12416K, reserved 1048576K
}
Event: 4233.797 GC heap before
{Heap before GC invocations=3064 (full 6):
 PSYoungGen      total 3072K, used 3047K [0x00000000d5580000, 0x00000000d5980000, 0x0000000100000000)
  eden space 2048K, 100% used [0x00000000d5580000,0x00000000d5780000,0x00000000d5780000)
  from space 1024K, 97% used [0x00000000d5780000,0x00000000d5879f00,0x00000000d5880000)
  to   space 1024K, 0% used [0x00000000d5880000,0x00000000d5880000,0x00000000d5980000)
 ParOldGen       total 557056K, used 556583K [0x0000000080000000, 0x00000000a2000000, 0x00000000d5580000)
  object space 557056K, 99% used [0x0000000080000000,0x00000000a1f89c48,0x00000000a2000000)
 Metaspace       used 101323K, committed 103168K, reserved 1179648K
  class space    used 11625K, committed 12416K, reserved 1048576K
}

